<?xml version="1.0" encoding="UTF-8"?>
<coverage generated="1673272155127" clover="3.2.0">
  <project timestamp="1673272155127" name="All files">
    <metrics statements="15" coveredstatements="14" conditionals="2" coveredconditionals="1" methods="1" coveredmethods="1" elements="18" coveredelements="16" complexity="0" loc="15" ncloc="15" packages="1" files="1" classes="1"/>
    <file name="confirm-user-signup.js" path="/Users/murat/burning-monk/appsyncmasterclass-backend/functions/confirm-user-signup.js">
      <metrics statements="15" coveredstatements="14" conditionals="2" coveredconditionals="1" methods="1" coveredmethods="1"/>
      <line num="1" count="1" type="stmt"/>
      <line num="2" count="1" type="stmt"/>
      <line num="3" count="1" type="stmt"/>
      <line num="4" count="1" type="stmt"/>
      <line num="5" count="1" type="stmt"/>
      <line num="8" count="1" type="stmt"/>
      <line num="9" count="1" type="cond" truecount="1" falsecount="1"/>
      <line num="10" count="1" type="stmt"/>
      <line num="12" count="1" type="stmt"/>
      <line num="19" count="1" type="stmt"/>
      <line num="21" count="1" type="stmt"/>
      <line num="32" count="1" type="stmt"/>
      <line num="38" count="1" type="stmt"/>
      <line num="40" count="0" type="stmt"/>
      <line num="44" count="1" type="stmt"/>
    </file>
  </project>
</coverage>
