{"/Users/murat/burning-monk/appsyncmasterclass-backend/functions/confirm-user-signup.js": {"path":"/Users/murat/burning-monk/appsyncmasterclass-backend/functions/confirm-user-signup.js","statementMap":{"0":{"start":{"line":1,"column":17},"end":{"line":1,"column":52}},"1":{"start":{"line":2,"column":15},"end":{"line":2,"column":32}},"2":{"start":{"line":3,"column":23},"end":{"line":3,"column":52}},"3":{"start":{"line":4,"column":15},"end":{"line":4,"column":27}},"4":{"start":{"line":5,"column":22},"end":{"line":5,"column":33}},"5":{"start":{"line":8,"column":16},"end":{"line":42,"column":1}},"6":{"start":{"line":9,"column":2},"end":{"line":41,"column":3}},"7":{"start":{"line":10,"column":17},"end":{"line":10,"column":53}},"8":{"start":{"line":12,"column":19},"end":{"line":17,"column":6}},"9":{"start":{"line":19,"column":23},"end":{"line":19,"column":70}},"10":{"start":{"line":21,"column":17},"end":{"line":30,"column":5}},"11":{"start":{"line":32,"column":4},"end":{"line":36,"column":16}},"12":{"start":{"line":38,"column":4},"end":{"line":38,"column":16}},"13":{"start":{"line":40,"column":4},"end":{"line":40,"column":16}},"14":{"start":{"line":44,"column":0},"end":{"line":46,"column":1}}},"fnMap":{"0":{"name":"(anonymous_0)","decl":{"start":{"line":8,"column":16},"end":{"line":8,"column":17}},"loc":{"start":{"line":8,"column":31},"end":{"line":42,"column":1}},"line":8}},"branchMap":{"0":{"loc":{"start":{"line":9,"column":2},"end":{"line":41,"column":3}},"type":"if","locations":[{"start":{"line":9,"column":2},"end":{"line":41,"column":3}},{"start":{"line":39,"column":9},"end":{"line":41,"column":3}}],"line":9}},"s":{"0":1,"1":1,"2":1,"3":1,"4":1,"5":1,"6":1,"7":1,"8":1,"9":1,"10":1,"11":1,"12":1,"13":0,"14":1},"f":{"0":1},"b":{"0":[1,0]},"_coverageSchema":"1a1c01bbd47fc00a2c39e90264f33305004495a9","hash":"304c400cfa4cbf043b32da07c21d1fd7365a31b8"}
}
